Setup
Gathering individual connectivity
Group-mean clustering
Group-Mean and Parcellation
started at  1354947053.16
Reading /home2/data/Projects/CWAS/age+gender/01_resolution/spatial_cluster/scorr_conn_default_009.npy as a npy filetype
Reading /home2/data/Projects/CWAS/age+gender/01_resolution/spatial_cluster/scorr_conn_default_015.npy as a npy filetype
adding  1
Reading /home2/data/Projects/CWAS/age+gender/01_resolution/spatial_cluster/scorr_conn_default_026.npy as a npy filetype
adding  2
Reading /home2/data/Projects/CWAS/age+gender/01_resolution/spatial_cluster/scorr_conn_default_036.npy as a npy filetype
adding  3
Reading /home2/data/Projects/CWAS/age+gender/01_resolution/spatial_cluster/scorr_conn_default_025.npy as a npy filetype
adding  4
Reading /home2/data/Projects/CWAS/age+gender/01_resolution/spatial_cluster/scorr_conn_default_020.npy as a npy filetype
adding  5
Reading /home2/data/Projects/CWAS/age+gender/01_resolution/spatial_cluster/scorr_conn_default_059.npy as a npy filetype
adding  6
Reading /home2/data/Projects/CWAS/age+gender/01_resolution/spatial_cluster/scorr_conn_default_056.npy as a npy filetype
adding  7
Reading /home2/data/Projects/CWAS/age+gender/01_resolution/spatial_cluster/scorr_conn_default_048.npy as a npy filetype
adding  8
Reading /home2/data/Projects/CWAS/age+gender/01_resolution/spatial_cluster/scorr_conn_default_037.npy as a npy filetype
adding  9
Reading /home2/data/Projects/CWAS/age+gender/01_resolution/spatial_cluster/scorr_conn_default_014.npy as a npy filetype
adding  10
Reading /home2/data/Projects/CWAS/age+gender/01_resolution/spatial_cluster/scorr_conn_default_053.npy as a npy filetype
adding  11
Reading /home2/data/Projects/CWAS/age+gender/01_resolution/spatial_cluster/scorr_conn_default_023.npy as a npy filetype
adding  12
Reading /home2/data/Projects/CWAS/age+gender/01_resolution/spatial_cluster/scorr_conn_default_060.npy as a npy filetype
adding  13
Reading /home2/data/Projects/CWAS/age+gender/01_resolution/spatial_cluster/scorr_conn_default_004.npy as a npy filetype
adding  14
Reading /home2/data/Projects/CWAS/age+gender/01_resolution/spatial_cluster/scorr_conn_default_049.npy as a npy filetype
adding  15
Reading /home2/data/Projects/CWAS/age+gender/01_resolution/spatial_cluster/scorr_conn_default_008.npy as a npy filetype
adding  16
Reading /home2/data/Projects/CWAS/age+gender/01_resolution/spatial_cluster/scorr_conn_default_030.npy as a npy filetype
adding  17
Reading /home2/data/Projects/CWAS/age+gender/01_resolution/spatial_cluster/scorr_conn_default_054.npy as a npy filetype
adding  18
Reading /home2/data/Projects/CWAS/age+gender/01_resolution/spatial_cluster/scorr_conn_default_057.npy as a npy filetype
adding  19
Reading /home2/data/Projects/CWAS/age+gender/01_resolution/spatial_cluster/scorr_conn_default_019.npy as a npy filetype
adding  20
Reading /home2/data/Projects/CWAS/age+gender/01_resolution/spatial_cluster/scorr_conn_default_050.npy as a npy filetype
adding  21
Reading /home2/data/Projects/CWAS/age+gender/01_resolution/spatial_cluster/scorr_conn_default_017.npy as a npy filetype
adding  22
Reading /home2/data/Projects/CWAS/age+gender/01_resolution/spatial_cluster/scorr_conn_default_039.npy as a npy filetype
adding  23
Reading /home2/data/Projects/CWAS/age+gender/01_resolution/spatial_cluster/scorr_conn_default_055.npy as a npy filetype
adding  24
Reading /home2/data/Projects/CWAS/age+gender/01_resolution/spatial_cluster/scorr_conn_default_052.npy as a npy filetype
adding  25
Reading /home2/data/Projects/CWAS/age+gender/01_resolution/spatial_cluster/scorr_conn_default_006.npy as a npy filetype
adding  26
Reading /home2/data/Projects/CWAS/age+gender/01_resolution/spatial_cluster/scorr_conn_default_021.npy as a npy filetype
adding  27
Reading /home2/data/Projects/CWAS/age+gender/01_resolution/spatial_cluster/scorr_conn_default_058.npy as a npy filetype
adding  28
Reading /home2/data/Projects/CWAS/age+gender/01_resolution/spatial_cluster/scorr_conn_default_040.npy as a npy filetype
adding  29
Reading /home2/data/Projects/CWAS/age+gender/01_resolution/spatial_cluster/scorr_conn_default_035.npy as a npy filetype
adding  30
Reading /home2/data/Projects/CWAS/age+gender/01_resolution/spatial_cluster/scorr_conn_default_043.npy as a npy filetype
adding  31
Reading /home2/data/Projects/CWAS/age+gender/01_resolution/spatial_cluster/scorr_conn_default_005.npy as a npy filetype
adding  32
Reading /home2/data/Projects/CWAS/age+gender/01_resolution/spatial_cluster/scorr_conn_default_051.npy as a npy filetype
adding  33
Reading /home2/data/Projects/CWAS/age+gender/01_resolution/spatial_cluster/scorr_conn_default_045.npy as a npy filetype
adding  34
Reading /home2/data/Projects/CWAS/age+gender/01_resolution/spatial_cluster/scorr_conn_default_022.npy as a npy filetype
adding  35
Reading /home2/data/Projects/CWAS/age+gender/01_resolution/spatial_cluster/scorr_conn_default_028.npy as a npy filetype
adding  36
Reading /home2/data/Projects/CWAS/age+gender/01_resolution/spatial_cluster/scorr_conn_default_034.npy as a npy filetype
adding  37
Reading /home2/data/Projects/CWAS/age+gender/01_resolution/spatial_cluster/scorr_conn_default_046.npy as a npy filetype
adding  38
Reading /home2/data/Projects/CWAS/age+gender/01_resolution/spatial_cluster/scorr_conn_default_033.npy as a npy filetype
adding  39
Reading /home2/data/Projects/CWAS/age+gender/01_resolution/spatial_cluster/scorr_conn_default_018.npy as a npy filetype
adding  40
Reading /home2/data/Projects/CWAS/age+gender/01_resolution/spatial_cluster/scorr_conn_default_016.npy as a npy filetype
adding  41
Reading /home2/data/Projects/CWAS/age+gender/01_resolution/spatial_cluster/scorr_conn_default_042.npy as a npy filetype
adding  42
Reading /home2/data/Projects/CWAS/age+gender/01_resolution/spatial_cluster/scorr_conn_default_010.npy as a npy filetype
adding  43
Reading /home2/data/Projects/CWAS/age+gender/01_resolution/spatial_cluster/scorr_conn_default_041.npy as a npy filetype
adding  44
Reading /home2/data/Projects/CWAS/age+gender/01_resolution/spatial_cluster/scorr_conn_default_032.npy as a npy filetype
adding  45
Reading /home2/data/Projects/CWAS/age+gender/01_resolution/spatial_cluster/scorr_conn_default_029.npy as a npy filetype
adding  46
Reading /home2/data/Projects/CWAS/age+gender/01_resolution/spatial_cluster/scorr_conn_default_024.npy as a npy filetype
adding  47
Reading /home2/data/Projects/CWAS/age+gender/01_resolution/spatial_cluster/scorr_conn_default_003.npy as a npy filetype
adding  48
Reading /home2/data/Projects/CWAS/age+gender/01_resolution/spatial_cluster/scorr_conn_default_012.npy as a npy filetype
adding  49
Reading /home2/data/Projects/CWAS/age+gender/01_resolution/spatial_cluster/scorr_conn_default_047.npy as a npy filetype
adding  50
Reading /home2/data/Projects/CWAS/age+gender/01_resolution/spatial_cluster/scorr_conn_default_001.npy as a npy filetype
adding  51
Reading /home2/data/Projects/CWAS/age+gender/01_resolution/spatial_cluster/scorr_conn_default_002.npy as a npy filetype
adding  52
Reading /home2/data/Projects/CWAS/age+gender/01_resolution/spatial_cluster/scorr_conn_default_013.npy as a npy filetype
adding  53
Reading /home2/data/Projects/CWAS/age+gender/01_resolution/spatial_cluster/scorr_conn_default_027.npy as a npy filetype
adding  54
Reading /home2/data/Projects/CWAS/age+gender/01_resolution/spatial_cluster/scorr_conn_default_038.npy as a npy filetype
adding  55
Reading /home2/data/Projects/CWAS/age+gender/01_resolution/spatial_cluster/scorr_conn_default_031.npy as a npy filetype
adding  56
Reading /home2/data/Projects/CWAS/age+gender/01_resolution/spatial_cluster/scorr_conn_default_044.npy as a npy filetype
adding  57
Reading /home2/data/Projects/CWAS/age+gender/01_resolution/spatial_cluster/scorr_conn_default_007.npy as a npy filetype
adding  58
Reading /home2/data/Projects/CWAS/age+gender/01_resolution/spatial_cluster/scorr_conn_default_011.npy as a npy filetype
adding  59
Reading /home2/data/Projects/CWAS/age+gender/01_resolution/spatial_cluster/scorr_conn_default_000.npy as a npy filetype
adding  60
Reading /home2/data/Projects/CWAS/age+gender/01_resolution/spatial_cluster/scorr_conn_default_063.npy as a npy filetype
adding  61
Reading /home2/data/Projects/CWAS/age+gender/01_resolution/spatial_cluster/scorr_conn_default_061.npy as a npy filetype
adding  62
Reading /home2/data/Projects/CWAS/age+gender/01_resolution/spatial_cluster/scorr_conn_default_070.npy as a npy filetype
adding  63
Reading /home2/data/Projects/CWAS/age+gender/01_resolution/spatial_cluster/scorr_conn_default_062.npy as a npy filetype
adding  64
Reading /home2/data/Projects/CWAS/age+gender/01_resolution/spatial_cluster/scorr_conn_default_069.npy as a npy filetype
adding  65
Reading /home2/data/Projects/CWAS/age+gender/01_resolution/spatial_cluster/scorr_conn_default_073.npy as a npy filetype
adding  66
Reading /home2/data/Projects/CWAS/age+gender/01_resolution/spatial_cluster/scorr_conn_default_071.npy as a npy filetype
adding  67
Reading /home2/data/Projects/CWAS/age+gender/01_resolution/spatial_cluster/scorr_conn_default_064.npy as a npy filetype
adding  68
Reading /home2/data/Projects/CWAS/age+gender/01_resolution/spatial_cluster/scorr_conn_default_075.npy as a npy filetype
adding  69
Reading /home2/data/Projects/CWAS/age+gender/01_resolution/spatial_cluster/scorr_conn_default_085.npy as a npy filetype
adding  70
Reading /home2/data/Projects/CWAS/age+gender/01_resolution/spatial_cluster/scorr_conn_default_076.npy as a npy filetype
adding  71
Reading /home2/data/Projects/CWAS/age+gender/01_resolution/spatial_cluster/scorr_conn_default_099.npy as a npy filetype
adding  72
Reading /home2/data/Projects/CWAS/age+gender/01_resolution/spatial_cluster/scorr_conn_default_096.npy as a npy filetype
adding  73
Reading /home2/data/Projects/CWAS/age+gender/01_resolution/spatial_cluster/scorr_conn_default_082.npy as a npy filetype
adding  74
Reading /home2/data/Projects/CWAS/age+gender/01_resolution/spatial_cluster/scorr_conn_default_074.npy as a npy filetype
adding  75
Reading /home2/data/Projects/CWAS/age+gender/01_resolution/spatial_cluster/scorr_conn_default_083.npy as a npy filetype
adding  76
Reading /home2/data/Projects/CWAS/age+gender/01_resolution/spatial_cluster/scorr_conn_default_078.npy as a npy filetype
adding  77
Reading /home2/data/Projects/CWAS/age+gender/01_resolution/spatial_cluster/scorr_conn_default_087.npy as a npy filetype
adding  78
Reading /home2/data/Projects/CWAS/age+gender/01_resolution/spatial_cluster/scorr_conn_default_077.npy as a npy filetype
adding  79
Reading /home2/data/Projects/CWAS/age+gender/01_resolution/spatial_cluster/scorr_conn_default_068.npy as a npy filetype
adding  80
Reading /home2/data/Projects/CWAS/age+gender/01_resolution/spatial_cluster/scorr_conn_default_066.npy as a npy filetype
adding  81
Reading /home2/data/Projects/CWAS/age+gender/01_resolution/spatial_cluster/scorr_conn_default_065.npy as a npy filetype
adding  82
Reading /home2/data/Projects/CWAS/age+gender/01_resolution/spatial_cluster/scorr_conn_default_081.npy as a npy filetype
adding  83
Reading /home2/data/Projects/CWAS/age+gender/01_resolution/spatial_cluster/scorr_conn_default_079.npy as a npy filetype
adding  84
Reading /home2/data/Projects/CWAS/age+gender/01_resolution/spatial_cluster/scorr_conn_default_100.npy as a npy filetype
adding  85
Reading /home2/data/Projects/CWAS/age+gender/01_resolution/spatial_cluster/scorr_conn_default_090.npy as a npy filetype
adding  86
Reading /home2/data/Projects/CWAS/age+gender/01_resolution/spatial_cluster/scorr_conn_default_086.npy as a npy filetype
adding  87
Reading /home2/data/Projects/CWAS/age+gender/01_resolution/spatial_cluster/scorr_conn_default_101.npy as a npy filetype
adding  88
Reading /home2/data/Projects/CWAS/age+gender/01_resolution/spatial_cluster/scorr_conn_default_095.npy as a npy filetype
adding  89
Reading /home2/data/Projects/CWAS/age+gender/01_resolution/spatial_cluster/scorr_conn_default_084.npy as a npy filetype
adding  90
Reading /home2/data/Projects/CWAS/age+gender/01_resolution/spatial_cluster/scorr_conn_default_080.npy as a npy filetype
adding  91
Reading /home2/data/Projects/CWAS/age+gender/01_resolution/spatial_cluster/scorr_conn_default_098.npy as a npy filetype
adding  92
Reading /home2/data/Projects/CWAS/age+gender/01_resolution/spatial_cluster/scorr_conn_default_094.npy as a npy filetype
adding  93
Reading /home2/data/Projects/CWAS/age+gender/01_resolution/spatial_cluster/scorr_conn_default_072.npy as a npy filetype
adding  94
Reading /home2/data/Projects/CWAS/age+gender/01_resolution/spatial_cluster/scorr_conn_default_067.npy as a npy filetype
adding  95
Reading /home2/data/Projects/CWAS/age+gender/01_resolution/spatial_cluster/scorr_conn_default_093.npy as a npy filetype
adding  96
Reading /home2/data/Projects/CWAS/age+gender/01_resolution/spatial_cluster/scorr_conn_default_091.npy as a npy filetype
adding  97
Reading /home2/data/Projects/CWAS/age+gender/01_resolution/spatial_cluster/scorr_conn_default_089.npy as a npy filetype
adding  98
Reading /home2/data/Projects/CWAS/age+gender/01_resolution/spatial_cluster/scorr_conn_default_092.npy as a npy filetype
adding  99
Reading /home2/data/Projects/CWAS/age+gender/01_resolution/spatial_cluster/scorr_conn_default_088.npy as a npy filetype
adding  100
Reading /home2/data/Projects/CWAS/age+gender/01_resolution/spatial_cluster/scorr_conn_default_097.npy as a npy filetype
adding  101
finished reading in data and calculating connectivity after  14.6108548641 

finished calculating eigenvectors  230.844188929 

finished discretisation  5  at  230.862004995 

finished  5  after  230.986327887 

finished discretisation  10  at  231.060345888 

finished  10  after  231.185863972 

finished discretisation  20  at  231.307996035 

finished  20  after  231.444397926 

finished discretisation  25  at  231.582711935 

finished  25  after  231.719591856 

finished discretisation  40  at  231.914011002 

finished  40  after  232.074591875 

finished discretisation  50  at  232.449431896 

finished  50  after  232.610464811 

finished discretisation  80  at  233.185503006 

finished  80  after  233.36728096 

finished discretisation  100  at  234.182569027 

finished  100  after  234.382443905 

finished discretisation  150  at  235.891976833 

finished  150  after  236.142036915 

finished discretisation  160  at  237.799458027 

finished  160  after  238.050369978 

finished discretisation  200  at  240.393786907 

finished  200  after  240.680912971 

finished discretisation  250  at  244.018131971 

finished  250  after  244.347239017 

finished discretisation  300  at  248.745684862 

finished  300  after  249.12775898 

finished discretisation  320  at  254.420199871 

finished  320  after  254.810544014 

finished discretisation  350  at  260.576011896 

finished  350  after  260.984603882 

finished discretisation  400  at  268.264081955 

finished  400  after  268.722851992 

finished discretisation  450  at  277.616221905 

finished  450  after  278.1141119 

finished discretisation  500  at  289.074793816 

finished  500  after  289.613066912 

finished discretisation  550  at  303.817170858 

finished  550  after  304.393755913 

finished discretisation  600  at  320.721823931 

finished  600  after  321.348196983 

finished discretisation  640  at  378.084820986 

finished  640  after  378.742861032 

finished after  378.742872 

